This file contains any messages produced by compilers while
running configure, to aid debugging if configure makes a mistake.

It was created by trilearn__base_sources configure 3.3, which was
generated by GNU Autoconf 2.63.  Invocation command line was

  $ ./configure 

## --------- ##
## Platform. ##
## --------- ##

hostname = ubuntu
uname -m = x86_64
uname -r = 3.13.0-32-generic
uname -s = Linux
uname -v = #57-Ubuntu SMP Tue Jul 15 03:51:08 UTC 2014

/usr/bin/uname -p = unknown
/bin/uname -X     = unknown

/bin/arch              = unknown
/usr/bin/arch -k       = unknown
/usr/convex/getsysinfo = unknown
/usr/bin/hostinfo      = unknown
/bin/machine           = unknown
/usr/bin/oslevel       = unknown
/bin/universe          = unknown

PATH: /usr/local/sbin
PATH: /usr/local/bin
PATH: /usr/sbin
PATH: /usr/bin
PATH: /sbin
PATH: /bin
PATH: /usr/games
PATH: /usr/local/games


## ----------- ##
## Core tests. ##
## ----------- ##

configure:1884: checking for a BSD-compatible install
configure:1952: result: /usr/bin/install -c
configure:1963: checking whether build environment is sane
configure:2023: result: yes
configure:2164: checking for a thread-safe mkdir -p
configure:2203: result: /bin/mkdir -p
configure:2216: checking for gawk
configure:2246: result: no
configure:2216: checking for mawk
configure:2232: found /usr/bin/mawk
configure:2243: result: mawk
configure:2254: checking whether make sets $(MAKE)
configure:2276: result: yes
configure:2410: checking for gcc
configure:2426: found /usr/bin/gcc
configure:2437: result: gcc
configure:2669: checking for C compiler version
configure:2677: gcc --version >&5
gcc (Ubuntu/Linaro 4.4.7-8ubuntu1) 4.4.7
Copyright (C) 2010 Free Software Foundation, Inc.
This is free software; see the source for copying conditions.  There is NO
warranty; not even for MERCHANTABILITY or FITNESS FOR A PARTICULAR PURPOSE.

configure:2681: $? = 0
configure:2688: gcc -v >&5
Using built-in specs.
Target: x86_64-linux-gnu
Configured with: ../src/configure -v --with-pkgversion='Ubuntu/Linaro 4.4.7-8ubuntu1' --with-bugurl=file:///usr/share/doc/gcc-4.4/README.Bugs --enable-languages=c,c++,fortran --prefix=/usr --program-suffix=-4.4 --enable-shared --enable-linker-build-id --with-system-zlib --libexecdir=/usr/lib --without-included-gettext --enable-threads=posix --with-gxx-include-dir=/usr/include/c++/4.4 --libdir=/usr/lib --enable-nls --with-sysroot=/ --enable-clocale=gnu --enable-libstdcxx-debug --disable-libmudflap --disable-werror --with-arch-32=i686 --with-tune=generic --enable-checking=release --build=x86_64-linux-gnu --host=x86_64-linux-gnu --target=x86_64-linux-gnu
Thread model: posix
gcc version 4.4.7 (Ubuntu/Linaro 4.4.7-8ubuntu1) 
configure:2692: $? = 0
configure:2699: gcc -V >&5
gcc: '-V' option must have argument
configure:2703: $? = 1
configure:2726: checking for C compiler default output file name
configure:2748: gcc    conftest.c  >&5
configure:2752: $? = 0
configure:2790: result: a.out
configure:2809: checking whether the C compiler works
configure:2819: ./a.out
configure:2823: $? = 0
configure:2842: result: yes
configure:2849: checking whether we are cross compiling
configure:2851: result: no
configure:2854: checking for suffix of executables
configure:2861: gcc -o conftest    conftest.c  >&5
configure:2865: $? = 0
configure:2891: result: 
configure:2897: checking for suffix of object files
configure:2923: gcc -c   conftest.c >&5
configure:2927: $? = 0
configure:2952: result: o
configure:2956: checking whether we are using the GNU C compiler
configure:2985: gcc -c   conftest.c >&5
configure:2992: $? = 0
configure:3009: result: yes
configure:3018: checking whether gcc accepts -g
configure:3048: gcc -c -g  conftest.c >&5
configure:3055: $? = 0
configure:3156: result: yes
configure:3173: checking for gcc option to accept ISO C89
configure:3247: gcc  -c -g -O2  conftest.c >&5
configure:3254: $? = 0
configure:3277: result: none needed
configure:3306: checking for style of include used by make
configure:3334: result: GNU
configure:3359: checking dependency style of gcc
configure:3469: result: gcc3
configure:3542: checking for g++
configure:3558: found /usr/bin/g++
configure:3569: result: g++
configure:3596: checking for C++ compiler version
configure:3604: g++ --version >&5
g++ (Ubuntu/Linaro 4.4.7-8ubuntu1) 4.4.7
Copyright (C) 2010 Free Software Foundation, Inc.
This is free software; see the source for copying conditions.  There is NO
warranty; not even for MERCHANTABILITY or FITNESS FOR A PARTICULAR PURPOSE.

configure:3608: $? = 0
configure:3615: g++ -v >&5
Using built-in specs.
Target: x86_64-linux-gnu
Configured with: ../src/configure -v --with-pkgversion='Ubuntu/Linaro 4.4.7-8ubuntu1' --with-bugurl=file:///usr/share/doc/gcc-4.4/README.Bugs --enable-languages=c,c++,fortran --prefix=/usr --program-suffix=-4.4 --enable-shared --enable-linker-build-id --with-system-zlib --libexecdir=/usr/lib --without-included-gettext --enable-threads=posix --with-gxx-include-dir=/usr/include/c++/4.4 --libdir=/usr/lib --enable-nls --with-sysroot=/ --enable-clocale=gnu --enable-libstdcxx-debug --disable-libmudflap --disable-werror --with-arch-32=i686 --with-tune=generic --enable-checking=release --build=x86_64-linux-gnu --host=x86_64-linux-gnu --target=x86_64-linux-gnu
Thread model: posix
gcc version 4.4.7 (Ubuntu/Linaro 4.4.7-8ubuntu1) 
configure:3619: $? = 0
configure:3626: g++ -V >&5
g++: '-V' option must have argument
configure:3630: $? = 1
configure:3633: checking whether we are using the GNU C++ compiler
configure:3662: g++ -c   conftest.cpp >&5
configure:3669: $? = 0
configure:3686: result: yes
configure:3695: checking whether g++ accepts -g
configure:3725: g++ -c -g  conftest.cpp >&5
configure:3732: $? = 0
configure:3833: result: yes
configure:3858: checking dependency style of g++
configure:3968: result: gcc3
configure:3987: checking for pthread_create in -lpthread
configure:4022: gcc -o conftest -g -O2   conftest.c -lpthread   >&5
configure:4029: $? = 0
configure:4050: result: yes
configure:4068: checking how to run the C preprocessor
configure:4108: gcc -E  conftest.c
configure:4115: $? = 0
configure:4146: gcc -E  conftest.c
conftest.c:11: fatal error: ac_nonexistent.h: No such file or directory
compilation terminated.
configure:4153: $? = 1
configure: failed program was:
| /* confdefs.h.  */
| #define PACKAGE_NAME "trilearn__base_sources"
| #define PACKAGE_TARNAME "trilearn__base_sources"
| #define PACKAGE_VERSION "3.3"
| #define PACKAGE_STRING "trilearn__base_sources 3.3"
| #define PACKAGE_BUGREPORT "jellekok@science.uva.nl"
| #define PACKAGE "trilearn_base_sources"
| #define VERSION "3.3"
| #define HAVE_LIBPTHREAD 1
| /* end confdefs.h.  */
| #include <ac_nonexistent.h>
configure:4186: result: gcc -E
configure:4215: gcc -E  conftest.c
configure:4222: $? = 0
configure:4253: gcc -E  conftest.c
conftest.c:11: fatal error: ac_nonexistent.h: No such file or directory
compilation terminated.
configure:4260: $? = 1
configure: failed program was:
| /* confdefs.h.  */
| #define PACKAGE_NAME "trilearn__base_sources"
| #define PACKAGE_TARNAME "trilearn__base_sources"
| #define PACKAGE_VERSION "3.3"
| #define PACKAGE_STRING "trilearn__base_sources 3.3"
| #define PACKAGE_BUGREPORT "jellekok@science.uva.nl"
| #define PACKAGE "trilearn_base_sources"
| #define VERSION "3.3"
| #define HAVE_LIBPTHREAD 1
| /* end confdefs.h.  */
| #include <ac_nonexistent.h>
configure:4300: checking for grep that handles long lines and -e
configure:4360: result: /bin/grep
configure:4365: checking for egrep
configure:4429: result: /bin/grep -E
configure:4434: checking for ANSI C header files
configure:4464: gcc -c -g -O2  conftest.c >&5
configure:4471: $? = 0
configure:4570: gcc -o conftest -g -O2   conftest.c -lpthread  >&5
configure:4574: $? = 0
configure:4580: ./conftest
configure:4584: $? = 0
configure:4602: result: yes
configure:4626: checking for sys/types.h
configure:4647: gcc -c -g -O2  conftest.c >&5
configure:4654: $? = 0
configure:4671: result: yes
configure:4626: checking for sys/stat.h
configure:4647: gcc -c -g -O2  conftest.c >&5
configure:4654: $? = 0
configure:4671: result: yes
configure:4626: checking for stdlib.h
configure:4647: gcc -c -g -O2  conftest.c >&5
configure:4654: $? = 0
configure:4671: result: yes
configure:4626: checking for string.h
configure:4647: gcc -c -g -O2  conftest.c >&5
configure:4654: $? = 0
configure:4671: result: yes
configure:4626: checking for memory.h
configure:4647: gcc -c -g -O2  conftest.c >&5
configure:4654: $? = 0
configure:4671: result: yes
configure:4626: checking for strings.h
configure:4647: gcc -c -g -O2  conftest.c >&5
configure:4654: $? = 0
configure:4671: result: yes
configure:4626: checking for inttypes.h
configure:4647: gcc -c -g -O2  conftest.c >&5
configure:4654: $? = 0
configure:4671: result: yes
configure:4626: checking for stdint.h
configure:4647: gcc -c -g -O2  conftest.c >&5
configure:4654: $? = 0
configure:4671: result: yes
configure:4626: checking for unistd.h
configure:4647: gcc -c -g -O2  conftest.c >&5
configure:4654: $? = 0
configure:4671: result: yes
configure:4709: checking arpa/inet.h usability
configure:4726: gcc -c -g -O2  conftest.c >&5
configure:4733: $? = 0
configure:4747: result: yes
configure:4751: checking arpa/inet.h presence
configure:4766: gcc -E  conftest.c
configure:4773: $? = 0
configure:4787: result: yes
configure:4820: checking for arpa/inet.h
configure:4829: result: yes
configure:4709: checking fcntl.h usability
configure:4726: gcc -c -g -O2  conftest.c >&5
configure:4733: $? = 0
configure:4747: result: yes
configure:4751: checking fcntl.h presence
configure:4766: gcc -E  conftest.c
configure:4773: $? = 0
configure:4787: result: yes
configure:4820: checking for fcntl.h
configure:4829: result: yes
configure:4709: checking netdb.h usability
configure:4726: gcc -c -g -O2  conftest.c >&5
configure:4733: $? = 0
configure:4747: result: yes
configure:4751: checking netdb.h presence
configure:4766: gcc -E  conftest.c
configure:4773: $? = 0
configure:4787: result: yes
configure:4820: checking for netdb.h
configure:4829: result: yes
configure:4698: checking for stdlib.h
configure:4705: result: yes
configure:4698: checking for string.h
configure:4705: result: yes
configure:4698: checking for strings.h
configure:4705: result: yes
configure:4709: checking sys/socket.h usability
configure:4726: gcc -c -g -O2  conftest.c >&5
configure:4733: $? = 0
configure:4747: result: yes
configure:4751: checking sys/socket.h presence
configure:4766: gcc -E  conftest.c
configure:4773: $? = 0
configure:4787: result: yes
configure:4820: checking for sys/socket.h
configure:4829: result: yes
configure:4709: checking sys/time.h usability
configure:4726: gcc -c -g -O2  conftest.c >&5
configure:4733: $? = 0
configure:4747: result: yes
configure:4751: checking sys/time.h presence
configure:4766: gcc -E  conftest.c
configure:4773: $? = 0
configure:4787: result: yes
configure:4820: checking for sys/time.h
configure:4829: result: yes
configure:4698: checking for unistd.h
configure:4705: result: yes
configure:4846: checking for stdbool.h that conforms to C99
configure:4941: gcc -c -g -O2  conftest.c >&5
configure:4948: $? = 0
configure:4963: result: yes
configure:4965: checking for _Bool
configure:4993: gcc -c -g -O2  conftest.c >&5
configure:5000: $? = 0
configure:5027: gcc -c -g -O2  conftest.c >&5
conftest.c: In function 'main':
conftest.c:66: error: expected expression before ')' token
configure:5034: $? = 1
configure: failed program was:
| /* confdefs.h.  */
| #define PACKAGE_NAME "trilearn__base_sources"
| #define PACKAGE_TARNAME "trilearn__base_sources"
| #define PACKAGE_VERSION "3.3"
| #define PACKAGE_STRING "trilearn__base_sources 3.3"
| #define PACKAGE_BUGREPORT "jellekok@science.uva.nl"
| #define PACKAGE "trilearn_base_sources"
| #define VERSION "3.3"
| #define HAVE_LIBPTHREAD 1
| #define STDC_HEADERS 1
| #define HAVE_SYS_TYPES_H 1
| #define HAVE_SYS_STAT_H 1
| #define HAVE_STDLIB_H 1
| #define HAVE_STRING_H 1
| #define HAVE_MEMORY_H 1
| #define HAVE_STRINGS_H 1
| #define HAVE_INTTYPES_H 1
| #define HAVE_STDINT_H 1
| #define HAVE_UNISTD_H 1
| #define HAVE_ARPA_INET_H 1
| #define HAVE_FCNTL_H 1
| #define HAVE_NETDB_H 1
| #define HAVE_STDLIB_H 1
| #define HAVE_STRING_H 1
| #define HAVE_STRINGS_H 1
| #define HAVE_SYS_SOCKET_H 1
| #define HAVE_SYS_TIME_H 1
| #define HAVE_UNISTD_H 1
| /* end confdefs.h.  */
| #include <stdio.h>
| #ifdef HAVE_SYS_TYPES_H
| # include <sys/types.h>
| #endif
| #ifdef HAVE_SYS_STAT_H
| # include <sys/stat.h>
| #endif
| #ifdef STDC_HEADERS
| # include <stdlib.h>
| # include <stddef.h>
| #else
| # ifdef HAVE_STDLIB_H
| #  include <stdlib.h>
| # endif
| #endif
| #ifdef HAVE_STRING_H
| # if !defined STDC_HEADERS && defined HAVE_MEMORY_H
| #  include <memory.h>
| # endif
| # include <string.h>
| #endif
| #ifdef HAVE_STRINGS_H
| # include <strings.h>
| #endif
| #ifdef HAVE_INTTYPES_H
| # include <inttypes.h>
| #endif
| #ifdef HAVE_STDINT_H
| # include <stdint.h>
| #endif
| #ifdef HAVE_UNISTD_H
| # include <unistd.h>
| #endif
| int
| main ()
| {
| if (sizeof ((_Bool)))
| 	  return 0;
|   ;
|   return 0;
| }
configure:5057: result: yes
configure:5076: checking for an ANSI C-conforming const
configure:5151: gcc -c -g -O2  conftest.c >&5
configure:5158: $? = 0
configure:5173: result: yes
configure:5183: checking for inline
configure:5209: gcc -c -g -O2  conftest.c >&5
configure:5216: $? = 0
configure:5234: result: inline
configure:5253: checking for size_t
configure:5281: gcc -c -g -O2  conftest.c >&5
configure:5288: $? = 0
configure:5315: gcc -c -g -O2  conftest.c >&5
conftest.c: In function 'main':
conftest.c:68: error: expected expression before ')' token
configure:5322: $? = 1
configure: failed program was:
| /* confdefs.h.  */
| #define PACKAGE_NAME "trilearn__base_sources"
| #define PACKAGE_TARNAME "trilearn__base_sources"
| #define PACKAGE_VERSION "3.3"
| #define PACKAGE_STRING "trilearn__base_sources 3.3"
| #define PACKAGE_BUGREPORT "jellekok@science.uva.nl"
| #define PACKAGE "trilearn_base_sources"
| #define VERSION "3.3"
| #define HAVE_LIBPTHREAD 1
| #define STDC_HEADERS 1
| #define HAVE_SYS_TYPES_H 1
| #define HAVE_SYS_STAT_H 1
| #define HAVE_STDLIB_H 1
| #define HAVE_STRING_H 1
| #define HAVE_MEMORY_H 1
| #define HAVE_STRINGS_H 1
| #define HAVE_INTTYPES_H 1
| #define HAVE_STDINT_H 1
| #define HAVE_UNISTD_H 1
| #define HAVE_ARPA_INET_H 1
| #define HAVE_FCNTL_H 1
| #define HAVE_NETDB_H 1
| #define HAVE_STDLIB_H 1
| #define HAVE_STRING_H 1
| #define HAVE_STRINGS_H 1
| #define HAVE_SYS_SOCKET_H 1
| #define HAVE_SYS_TIME_H 1
| #define HAVE_UNISTD_H 1
| #define HAVE__BOOL 1
| #define HAVE_STDBOOL_H 1
| /* end confdefs.h.  */
| #include <stdio.h>
| #ifdef HAVE_SYS_TYPES_H
| # include <sys/types.h>
| #endif
| #ifdef HAVE_SYS_STAT_H
| # include <sys/stat.h>
| #endif
| #ifdef STDC_HEADERS
| # include <stdlib.h>
| # include <stddef.h>
| #else
| # ifdef HAVE_STDLIB_H
| #  include <stdlib.h>
| # endif
| #endif
| #ifdef HAVE_STRING_H
| # if !defined STDC_HEADERS && defined HAVE_MEMORY_H
| #  include <memory.h>
| # endif
| # include <string.h>
| #endif
| #ifdef HAVE_STRINGS_H
| # include <strings.h>
| #endif
| #ifdef HAVE_INTTYPES_H
| # include <inttypes.h>
| #endif
| #ifdef HAVE_STDINT_H
| # include <stdint.h>
| #endif
| #ifdef HAVE_UNISTD_H
| # include <unistd.h>
| #endif
| int
| main ()
| {
| if (sizeof ((size_t)))
| 	  return 0;
|   ;
|   return 0;
| }
configure:5345: result: yes
configure:5357: checking whether time.h and sys/time.h may both be included
configure:5387: gcc -c -g -O2  conftest.c >&5
configure:5394: $? = 0
configure:5409: result: yes
configure:5438: checking sys/select.h usability
configure:5455: gcc -c -g -O2  conftest.c >&5
configure:5462: $? = 0
configure:5476: result: yes
configure:5480: checking sys/select.h presence
configure:5495: gcc -E  conftest.c
configure:5502: $? = 0
configure:5516: result: yes
configure:5549: checking for sys/select.h
configure:5558: result: yes
configure:5427: checking for sys/socket.h
configure:5434: result: yes
configure:5573: checking types of arguments for select
configure:5611: gcc -c -g -O2  conftest.c >&5
configure:5618: $? = 0
configure:5639: result: int,fd_set *,struct timeval *
configure:5677: checking for floor
configure:5733: gcc -o conftest -g -O2   conftest.c -lpthread  >&5
conftest.c:61: warning: conflicting types for built-in function 'floor'
/tmp/ccVN60IY.o: In function `main':
/home/robocup2d/Desktop/team_left/uva_base_v13.2/conftest.c:72: undefined reference to `floor'
collect2: ld returned 1 exit status
configure:5740: $? = 1
configure: failed program was:
| /* confdefs.h.  */
| #define PACKAGE_NAME "trilearn__base_sources"
| #define PACKAGE_TARNAME "trilearn__base_sources"
| #define PACKAGE_VERSION "3.3"
| #define PACKAGE_STRING "trilearn__base_sources 3.3"
| #define PACKAGE_BUGREPORT "jellekok@science.uva.nl"
| #define PACKAGE "trilearn_base_sources"
| #define VERSION "3.3"
| #define HAVE_LIBPTHREAD 1
| #define STDC_HEADERS 1
| #define HAVE_SYS_TYPES_H 1
| #define HAVE_SYS_STAT_H 1
| #define HAVE_STDLIB_H 1
| #define HAVE_STRING_H 1
| #define HAVE_MEMORY_H 1
| #define HAVE_STRINGS_H 1
| #define HAVE_INTTYPES_H 1
| #define HAVE_STDINT_H 1
| #define HAVE_UNISTD_H 1
| #define HAVE_ARPA_INET_H 1
| #define HAVE_FCNTL_H 1
| #define HAVE_NETDB_H 1
| #define HAVE_STDLIB_H 1
| #define HAVE_STRING_H 1
| #define HAVE_STRINGS_H 1
| #define HAVE_SYS_SOCKET_H 1
| #define HAVE_SYS_TIME_H 1
| #define HAVE_UNISTD_H 1
| #define HAVE__BOOL 1
| #define HAVE_STDBOOL_H 1
| #define TIME_WITH_SYS_TIME 1
| #define HAVE_SYS_SELECT_H 1
| #define HAVE_SYS_SOCKET_H 1
| #define SELECT_TYPE_ARG1 int
| #define SELECT_TYPE_ARG234 (fd_set *)
| #define SELECT_TYPE_ARG5 (struct timeval *)
| /* end confdefs.h.  */
| /* Define floor to an innocuous variant, in case <limits.h> declares floor.
|    For example, HP-UX 11i <limits.h> declares gettimeofday.  */
| #define floor innocuous_floor
| 
| /* System header to define __stub macros and hopefully few prototypes,
|     which can conflict with char floor (); below.
|     Prefer <limits.h> to <assert.h> if __STDC__ is defined, since
|     <limits.h> exists even on freestanding compilers.  */
| 
| #ifdef __STDC__
| # include <limits.h>
| #else
| # include <assert.h>
| #endif
| 
| #undef floor
| 
| /* Override any GCC internal prototype to avoid an error.
|    Use char because int might match the return type of a GCC
|    builtin and then its argument prototype would still apply.  */
| #ifdef __cplusplus
| extern "C"
| #endif
| char floor ();
| /* The GNU C library defines this for functions which it implements
|     to always fail with ENOSYS.  Some functions are actually named
|     something starting with __ and the normal name is an alias.  */
| #if defined __stub_floor || defined __stub___floor
| choke me
| #endif
| 
| int
| main ()
| {
| return floor ();
|   ;
|   return 0;
| }
configure:5762: result: no
configure:5677: checking for gethostbyname
configure:5733: gcc -o conftest -g -O2   conftest.c -lpthread  >&5
configure:5740: $? = 0
configure:5762: result: yes
configure:5677: checking for gettimeofday
configure:5733: gcc -o conftest -g -O2   conftest.c -lpthread  >&5
configure:5740: $? = 0
configure:5762: result: yes
configure:5677: checking for inet_ntoa
configure:5733: gcc -o conftest -g -O2   conftest.c -lpthread  >&5
configure:5740: $? = 0
configure:5762: result: yes
configure:5677: checking for pow
configure:5733: gcc -o conftest -g -O2   conftest.c -lpthread  >&5
conftest.c:64: warning: conflicting types for built-in function 'pow'
/tmp/ccLvPj4H.o: In function `main':
/home/robocup2d/Desktop/team_left/uva_base_v13.2/conftest.c:75: undefined reference to `pow'
collect2: ld returned 1 exit status
configure:5740: $? = 1
configure: failed program was:
| /* confdefs.h.  */
| #define PACKAGE_NAME "trilearn__base_sources"
| #define PACKAGE_TARNAME "trilearn__base_sources"
| #define PACKAGE_VERSION "3.3"
| #define PACKAGE_STRING "trilearn__base_sources 3.3"
| #define PACKAGE_BUGREPORT "jellekok@science.uva.nl"
| #define PACKAGE "trilearn_base_sources"
| #define VERSION "3.3"
| #define HAVE_LIBPTHREAD 1
| #define STDC_HEADERS 1
| #define HAVE_SYS_TYPES_H 1
| #define HAVE_SYS_STAT_H 1
| #define HAVE_STDLIB_H 1
| #define HAVE_STRING_H 1
| #define HAVE_MEMORY_H 1
| #define HAVE_STRINGS_H 1
| #define HAVE_INTTYPES_H 1
| #define HAVE_STDINT_H 1
| #define HAVE_UNISTD_H 1
| #define HAVE_ARPA_INET_H 1
| #define HAVE_FCNTL_H 1
| #define HAVE_NETDB_H 1
| #define HAVE_STDLIB_H 1
| #define HAVE_STRING_H 1
| #define HAVE_STRINGS_H 1
| #define HAVE_SYS_SOCKET_H 1
| #define HAVE_SYS_TIME_H 1
| #define HAVE_UNISTD_H 1
| #define HAVE__BOOL 1
| #define HAVE_STDBOOL_H 1
| #define TIME_WITH_SYS_TIME 1
| #define HAVE_SYS_SELECT_H 1
| #define HAVE_SYS_SOCKET_H 1
| #define SELECT_TYPE_ARG1 int
| #define SELECT_TYPE_ARG234 (fd_set *)
| #define SELECT_TYPE_ARG5 (struct timeval *)
| #define HAVE_GETHOSTBYNAME 1
| #define HAVE_GETTIMEOFDAY 1
| #define HAVE_INET_NTOA 1
| /* end confdefs.h.  */
| /* Define pow to an innocuous variant, in case <limits.h> declares pow.
|    For example, HP-UX 11i <limits.h> declares gettimeofday.  */
| #define pow innocuous_pow
| 
| /* System header to define __stub macros and hopefully few prototypes,
|     which can conflict with char pow (); below.
|     Prefer <limits.h> to <assert.h> if __STDC__ is defined, since
|     <limits.h> exists even on freestanding compilers.  */
| 
| #ifdef __STDC__
| # include <limits.h>
| #else
| # include <assert.h>
| #endif
| 
| #undef pow
| 
| /* Override any GCC internal prototype to avoid an error.
|    Use char because int might match the return type of a GCC
|    builtin and then its argument prototype would still apply.  */
| #ifdef __cplusplus
| extern "C"
| #endif
| char pow ();
| /* The GNU C library defines this for functions which it implements
|     to always fail with ENOSYS.  Some functions are actually named
|     something starting with __ and the normal name is an alias.  */
| #if defined __stub_pow || defined __stub___pow
| choke me
| #endif
| 
| int
| main ()
| {
| return pow ();
|   ;
|   return 0;
| }
configure:5762: result: no
configure:5677: checking for rint
configure:5733: gcc -o conftest -g -O2   conftest.c -lpthread  >&5
conftest.c:64: warning: conflicting types for built-in function 'rint'
/tmp/cc3okziN.o: In function `main':
/home/robocup2d/Desktop/team_left/uva_base_v13.2/conftest.c:75: undefined reference to `rint'
collect2: ld returned 1 exit status
configure:5740: $? = 1
configure: failed program was:
| /* confdefs.h.  */
| #define PACKAGE_NAME "trilearn__base_sources"
| #define PACKAGE_TARNAME "trilearn__base_sources"
| #define PACKAGE_VERSION "3.3"
| #define PACKAGE_STRING "trilearn__base_sources 3.3"
| #define PACKAGE_BUGREPORT "jellekok@science.uva.nl"
| #define PACKAGE "trilearn_base_sources"
| #define VERSION "3.3"
| #define HAVE_LIBPTHREAD 1
| #define STDC_HEADERS 1
| #define HAVE_SYS_TYPES_H 1
| #define HAVE_SYS_STAT_H 1
| #define HAVE_STDLIB_H 1
| #define HAVE_STRING_H 1
| #define HAVE_MEMORY_H 1
| #define HAVE_STRINGS_H 1
| #define HAVE_INTTYPES_H 1
| #define HAVE_STDINT_H 1
| #define HAVE_UNISTD_H 1
| #define HAVE_ARPA_INET_H 1
| #define HAVE_FCNTL_H 1
| #define HAVE_NETDB_H 1
| #define HAVE_STDLIB_H 1
| #define HAVE_STRING_H 1
| #define HAVE_STRINGS_H 1
| #define HAVE_SYS_SOCKET_H 1
| #define HAVE_SYS_TIME_H 1
| #define HAVE_UNISTD_H 1
| #define HAVE__BOOL 1
| #define HAVE_STDBOOL_H 1
| #define TIME_WITH_SYS_TIME 1
| #define HAVE_SYS_SELECT_H 1
| #define HAVE_SYS_SOCKET_H 1
| #define SELECT_TYPE_ARG1 int
| #define SELECT_TYPE_ARG234 (fd_set *)
| #define SELECT_TYPE_ARG5 (struct timeval *)
| #define HAVE_GETHOSTBYNAME 1
| #define HAVE_GETTIMEOFDAY 1
| #define HAVE_INET_NTOA 1
| /* end confdefs.h.  */
| /* Define rint to an innocuous variant, in case <limits.h> declares rint.
|    For example, HP-UX 11i <limits.h> declares gettimeofday.  */
| #define rint innocuous_rint
| 
| /* System header to define __stub macros and hopefully few prototypes,
|     which can conflict with char rint (); below.
|     Prefer <limits.h> to <assert.h> if __STDC__ is defined, since
|     <limits.h> exists even on freestanding compilers.  */
| 
| #ifdef __STDC__
| # include <limits.h>
| #else
| # include <assert.h>
| #endif
| 
| #undef rint
| 
| /* Override any GCC internal prototype to avoid an error.
|    Use char because int might match the return type of a GCC
|    builtin and then its argument prototype would still apply.  */
| #ifdef __cplusplus
| extern "C"
| #endif
| char rint ();
| /* The GNU C library defines this for functions which it implements
|     to always fail with ENOSYS.  Some functions are actually named
|     something starting with __ and the normal name is an alias.  */
| #if defined __stub_rint || defined __stub___rint
| choke me
| #endif
| 
| int
| main ()
| {
| return rint ();
|   ;
|   return 0;
| }
configure:5762: result: no
configure:5677: checking for select
configure:5733: gcc -o conftest -g -O2   conftest.c -lpthread  >&5
configure:5740: $? = 0
configure:5762: result: yes
configure:5677: checking for socket
configure:5733: gcc -o conftest -g -O2   conftest.c -lpthread  >&5
configure:5740: $? = 0
configure:5762: result: yes
configure:5677: checking for sqrt
configure:5733: gcc -o conftest -g -O2   conftest.c -lpthread  >&5
conftest.c:66: warning: conflicting types for built-in function 'sqrt'
/tmp/ccUsOjBY.o: In function `main':
/home/robocup2d/Desktop/team_left/uva_base_v13.2/conftest.c:77: undefined reference to `sqrt'
collect2: ld returned 1 exit status
configure:5740: $? = 1
configure: failed program was:
| /* confdefs.h.  */
| #define PACKAGE_NAME "trilearn__base_sources"
| #define PACKAGE_TARNAME "trilearn__base_sources"
| #define PACKAGE_VERSION "3.3"
| #define PACKAGE_STRING "trilearn__base_sources 3.3"
| #define PACKAGE_BUGREPORT "jellekok@science.uva.nl"
| #define PACKAGE "trilearn_base_sources"
| #define VERSION "3.3"
| #define HAVE_LIBPTHREAD 1
| #define STDC_HEADERS 1
| #define HAVE_SYS_TYPES_H 1
| #define HAVE_SYS_STAT_H 1
| #define HAVE_STDLIB_H 1
| #define HAVE_STRING_H 1
| #define HAVE_MEMORY_H 1
| #define HAVE_STRINGS_H 1
| #define HAVE_INTTYPES_H 1
| #define HAVE_STDINT_H 1
| #define HAVE_UNISTD_H 1
| #define HAVE_ARPA_INET_H 1
| #define HAVE_FCNTL_H 1
| #define HAVE_NETDB_H 1
| #define HAVE_STDLIB_H 1
| #define HAVE_STRING_H 1
| #define HAVE_STRINGS_H 1
| #define HAVE_SYS_SOCKET_H 1
| #define HAVE_SYS_TIME_H 1
| #define HAVE_UNISTD_H 1
| #define HAVE__BOOL 1
| #define HAVE_STDBOOL_H 1
| #define TIME_WITH_SYS_TIME 1
| #define HAVE_SYS_SELECT_H 1
| #define HAVE_SYS_SOCKET_H 1
| #define SELECT_TYPE_ARG1 int
| #define SELECT_TYPE_ARG234 (fd_set *)
| #define SELECT_TYPE_ARG5 (struct timeval *)
| #define HAVE_GETHOSTBYNAME 1
| #define HAVE_GETTIMEOFDAY 1
| #define HAVE_INET_NTOA 1
| #define HAVE_SELECT 1
| #define HAVE_SOCKET 1
| /* end confdefs.h.  */
| /* Define sqrt to an innocuous variant, in case <limits.h> declares sqrt.
|    For example, HP-UX 11i <limits.h> declares gettimeofday.  */
| #define sqrt innocuous_sqrt
| 
| /* System header to define __stub macros and hopefully few prototypes,
|     which can conflict with char sqrt (); below.
|     Prefer <limits.h> to <assert.h> if __STDC__ is defined, since
|     <limits.h> exists even on freestanding compilers.  */
| 
| #ifdef __STDC__
| # include <limits.h>
| #else
| # include <assert.h>
| #endif
| 
| #undef sqrt
| 
| /* Override any GCC internal prototype to avoid an error.
|    Use char because int might match the return type of a GCC
|    builtin and then its argument prototype would still apply.  */
| #ifdef __cplusplus
| extern "C"
| #endif
| char sqrt ();
| /* The GNU C library defines this for functions which it implements
|     to always fail with ENOSYS.  Some functions are actually named
|     something starting with __ and the normal name is an alias.  */
| #if defined __stub_sqrt || defined __stub___sqrt
| choke me
| #endif
| 
| int
| main ()
| {
| return sqrt ();
|   ;
|   return 0;
| }
configure:5762: result: no
configure:5677: checking for strcasecmp
configure:5733: gcc -o conftest -g -O2   conftest.c -lpthread  >&5
conftest.c:66: warning: conflicting types for built-in function 'strcasecmp'
configure:5740: $? = 0
configure:5762: result: yes
configure:5677: checking for strdup
configure:5733: gcc -o conftest -g -O2   conftest.c -lpthread  >&5
conftest.c:67: warning: conflicting types for built-in function 'strdup'
configure:5740: $? = 0
configure:5762: result: yes
configure:5677: checking for strstr
configure:5733: gcc -o conftest -g -O2   conftest.c -lpthread  >&5
conftest.c:68: warning: conflicting types for built-in function 'strstr'
configure:5740: $? = 0
configure:5762: result: yes
configure:5909: creating ./config.status

## ---------------------- ##
## Running config.status. ##
## ---------------------- ##

This file was extended by trilearn__base_sources config.status 3.3, which was
generated by GNU Autoconf 2.63.  Invocation command line was

  CONFIG_FILES    = 
  CONFIG_HEADERS  = 
  CONFIG_LINKS    = 
  CONFIG_COMMANDS = 
  $ ./config.status 

on ubuntu

config.status:804: creating Makefile
config.status:804: creating src/Makefile
config.status:804: creating config.h
config.status:1026: config.h is unchanged
config.status:1078: executing depfiles commands

## ---------------- ##
## Cache variables. ##
## ---------------- ##

ac_cv_c_compiler_gnu=yes
ac_cv_c_const=yes
ac_cv_c_inline=inline
ac_cv_cxx_compiler_gnu=yes
ac_cv_env_CCC_set=
ac_cv_env_CCC_value=
ac_cv_env_CC_set=
ac_cv_env_CC_value=
ac_cv_env_CFLAGS_set=
ac_cv_env_CFLAGS_value=
ac_cv_env_CPPFLAGS_set=
ac_cv_env_CPPFLAGS_value=
ac_cv_env_CPP_set=
ac_cv_env_CPP_value=
ac_cv_env_CXXFLAGS_set=
ac_cv_env_CXXFLAGS_value=
ac_cv_env_CXX_set=
ac_cv_env_CXX_value=
ac_cv_env_LDFLAGS_set=
ac_cv_env_LDFLAGS_value=
ac_cv_env_LIBS_set=
ac_cv_env_LIBS_value=
ac_cv_env_build_alias_set=
ac_cv_env_build_alias_value=
ac_cv_env_host_alias_set=
ac_cv_env_host_alias_value=
ac_cv_env_target_alias_set=
ac_cv_env_target_alias_value=
ac_cv_func_floor=no
ac_cv_func_gethostbyname=yes
ac_cv_func_gettimeofday=yes
ac_cv_func_inet_ntoa=yes
ac_cv_func_pow=no
ac_cv_func_rint=no
ac_cv_func_select=yes
ac_cv_func_select_args='int,fd_set *,struct timeval *'
ac_cv_func_socket=yes
ac_cv_func_sqrt=no
ac_cv_func_strcasecmp=yes
ac_cv_func_strdup=yes
ac_cv_func_strstr=yes
ac_cv_header_arpa_inet_h=yes
ac_cv_header_fcntl_h=yes
ac_cv_header_inttypes_h=yes
ac_cv_header_memory_h=yes
ac_cv_header_netdb_h=yes
ac_cv_header_stdbool_h=yes
ac_cv_header_stdc=yes
ac_cv_header_stdint_h=yes
ac_cv_header_stdlib_h=yes
ac_cv_header_string_h=yes
ac_cv_header_strings_h=yes
ac_cv_header_sys_select_h=yes
ac_cv_header_sys_socket_h=yes
ac_cv_header_sys_stat_h=yes
ac_cv_header_sys_time_h=yes
ac_cv_header_sys_types_h=yes
ac_cv_header_time=yes
ac_cv_header_unistd_h=yes
ac_cv_lib_pthread_pthread_create=yes
ac_cv_objext=o
ac_cv_path_EGREP='/bin/grep -E'
ac_cv_path_GREP=/bin/grep
ac_cv_path_install='/usr/bin/install -c'
ac_cv_path_mkdir=/bin/mkdir
ac_cv_prog_AWK=mawk
ac_cv_prog_CPP='gcc -E'
ac_cv_prog_ac_ct_CC=gcc
ac_cv_prog_ac_ct_CXX=g++
ac_cv_prog_cc_c89=
ac_cv_prog_cc_g=yes
ac_cv_prog_cxx_g=yes
ac_cv_prog_make_make_set=yes
ac_cv_type__Bool=yes
ac_cv_type_size_t=yes
am_cv_CC_dependencies_compiler_type=gcc3
am_cv_CXX_dependencies_compiler_type=gcc3

## ----------------- ##
## Output variables. ##
## ----------------- ##

ACLOCAL='${SHELL} /home/robocup2d/Desktop/team_left/uva_base_v13.2/missing --run aclocal-1.11'
AMDEPBACKSLASH='\'
AMDEP_FALSE='#'
AMDEP_TRUE=''
AMTAR='${SHELL} /home/robocup2d/Desktop/team_left/uva_base_v13.2/missing --run tar'
AUTOCONF='${SHELL} /home/robocup2d/Desktop/team_left/uva_base_v13.2/missing --run autoconf'
AUTOHEADER='${SHELL} /home/robocup2d/Desktop/team_left/uva_base_v13.2/missing --run autoheader'
AUTOMAKE='${SHELL} /home/robocup2d/Desktop/team_left/uva_base_v13.2/missing --run automake-1.11'
AWK='mawk'
CC='gcc'
CCDEPMODE='depmode=gcc3'
CFLAGS='-g -O2'
CPP='gcc -E'
CPPFLAGS=''
CXX='g++'
CXXDEPMODE='depmode=gcc3'
CXXFLAGS='-g -O2'
CYGPATH_W='echo'
DEFS='-DHAVE_CONFIG_H'
DEPDIR='.deps'
ECHO_C=''
ECHO_N='-n'
ECHO_T=''
EGREP='/bin/grep -E'
EXEEXT=''
GREP='/bin/grep'
INSTALL_DATA='${INSTALL} -m 644'
INSTALL_PROGRAM='${INSTALL}'
INSTALL_SCRIPT='${INSTALL}'
INSTALL_STRIP_PROGRAM='$(install_sh) -c -s'
LDFLAGS=''
LIBOBJS=''
LIBS='-lpthread '
LTLIBOBJS=''
MAKEINFO='${SHELL} /home/robocup2d/Desktop/team_left/uva_base_v13.2/missing --run makeinfo'
MKDIR_P='/bin/mkdir -p'
OBJEXT='o'
PACKAGE='trilearn_base_sources'
PACKAGE_BUGREPORT='jellekok@science.uva.nl'
PACKAGE_NAME='trilearn__base_sources'
PACKAGE_STRING='trilearn__base_sources 3.3'
PACKAGE_TARNAME='trilearn__base_sources'
PACKAGE_VERSION='3.3'
PATH_SEPARATOR=':'
SET_MAKE=''
SHELL='/bin/bash'
STRIP=''
VERSION='3.3'
ac_ct_CC='gcc'
ac_ct_CXX='g++'
am__EXEEXT_FALSE=''
am__EXEEXT_TRUE='#'
am__fastdepCC_FALSE='#'
am__fastdepCC_TRUE=''
am__fastdepCXX_FALSE='#'
am__fastdepCXX_TRUE=''
am__include='include'
am__isrc=''
am__leading_dot='.'
am__quote=''
am__tar='${AMTAR} chof - "$$tardir"'
am__untar='${AMTAR} xf -'
bindir='${exec_prefix}/bin'
build_alias=''
datadir='${datarootdir}'
datarootdir='${prefix}/share'
docdir='${datarootdir}/doc/${PACKAGE_TARNAME}'
dvidir='${docdir}'
exec_prefix='${prefix}'
host_alias=''
htmldir='${docdir}'
includedir='${prefix}/include'
infodir='${datarootdir}/info'
install_sh='${SHELL} /home/robocup2d/Desktop/team_left/uva_base_v13.2/install-sh'
libdir='${exec_prefix}/lib'
libexecdir='${exec_prefix}/libexec'
localedir='${datarootdir}/locale'
localstatedir='${prefix}/var'
mandir='${datarootdir}/man'
mkdir_p='/bin/mkdir -p'
oldincludedir='/usr/include'
pdfdir='${docdir}'
prefix='/usr/local'
program_transform_name='s,x,x,'
psdir='${docdir}'
sbindir='${exec_prefix}/sbin'
sharedstatedir='${prefix}/com'
sysconfdir='${prefix}/etc'
target_alias=''

## ----------- ##
## confdefs.h. ##
## ----------- ##

#define PACKAGE_NAME "trilearn__base_sources"
#define PACKAGE_TARNAME "trilearn__base_sources"
#define PACKAGE_VERSION "3.3"
#define PACKAGE_STRING "trilearn__base_sources 3.3"
#define PACKAGE_BUGREPORT "jellekok@science.uva.nl"
#define PACKAGE "trilearn_base_sources"
#define VERSION "3.3"
#define HAVE_LIBPTHREAD 1
#define STDC_HEADERS 1
#define HAVE_SYS_TYPES_H 1
#define HAVE_SYS_STAT_H 1
#define HAVE_STDLIB_H 1
#define HAVE_STRING_H 1
#define HAVE_MEMORY_H 1
#define HAVE_STRINGS_H 1
#define HAVE_INTTYPES_H 1
#define HAVE_STDINT_H 1
#define HAVE_UNISTD_H 1
#define HAVE_ARPA_INET_H 1
#define HAVE_FCNTL_H 1
#define HAVE_NETDB_H 1
#define HAVE_STDLIB_H 1
#define HAVE_STRING_H 1
#define HAVE_STRINGS_H 1
#define HAVE_SYS_SOCKET_H 1
#define HAVE_SYS_TIME_H 1
#define HAVE_UNISTD_H 1
#define HAVE__BOOL 1
#define HAVE_STDBOOL_H 1
#define TIME_WITH_SYS_TIME 1
#define HAVE_SYS_SELECT_H 1
#define HAVE_SYS_SOCKET_H 1
#define SELECT_TYPE_ARG1 int
#define SELECT_TYPE_ARG234 (fd_set *)
#define SELECT_TYPE_ARG5 (struct timeval *)
#define HAVE_GETHOSTBYNAME 1
#define HAVE_GETTIMEOFDAY 1
#define HAVE_INET_NTOA 1
#define HAVE_SELECT 1
#define HAVE_SOCKET 1
#define HAVE_STRCASECMP 1
#define HAVE_STRDUP 1
#define HAVE_STRSTR 1

configure: exit 0
